C:\USERS\YOLARRYDABOMB\DESKTOP\IW4M1CLASSIC\STEAM_API\NORMAL\STEAMGAMESERVER009.OBJ
C:\USERS\YOLARRYDABOMB\DESKTOP\IW4M1CLASSIC\STEAM_API\NORMAL\PATCHMW2.OBJ
C:\USERS\YOLARRYDABOMB\DESKTOP\IW4M1CLASSIC\STEAM_API\NORMAL\PATCHMW2MATCHDATA.OBJ
C:\USERS\YOLARRYDABOMB\DESKTOP\IW4M1CLASSIC\STEAM_API\NORMAL\PATCHMW2LOGINITGAME.OBJ
C:\USERS\YOLARRYDABOMB\DESKTOP\IW4M1CLASSIC\STEAM_API\NORMAL\PATCHMW2LOAD.OBJ
C:\USERS\YOLARRYDABOMB\DESKTOP\IW4M1CLASSIC\STEAM_API\NORMAL\PATCHMW2IGMENU.OBJ
C:\USERS\YOLARRYDABOMB\DESKTOP\IW4M1CLASSIC\STEAM_API\NORMAL\PATCHMW2DVARS.OBJ
C:\USERS\YOLARRYDABOMB\DESKTOP\IW4M1CLASSIC\STEAM_API\NORMAL\PATCHMW2DEMORECORDING.OBJ
C:\USERS\YOLARRYDABOMB\DESKTOP\IW4M1CLASSIC\STEAM_API\NORMAL\PATCHMW2DEDICATED.OBJ
C:\USERS\YOLARRYDABOMB\DESKTOP\IW4M1CLASSIC\STEAM_API\NORMAL\PATCHMW2CONSOLETITLE.OBJ
C:\USERS\YOLARRYDABOMB\DESKTOP\IW4M1CLASSIC\STEAM_API\NORMAL\PATCHMW2CONSOLE.OBJ
C:\USERS\YOLARRYDABOMB\DESKTOP\IW4M1CLASSIC\STEAM_API\NORMAL\PATCHMW2CLIENTDVAR.OBJ
C:\USERS\YOLARRYDABOMB\DESKTOP\IW4M1CLASSIC\STEAM_API\NORMAL\PATCHMW2CLIENTCONSOLE.OBJ
C:\USERS\YOLARRYDABOMB\DESKTOP\IW4M1CLASSIC\STEAM_API\NORMAL\PATCHMW2CLIENTCOMMANDS.OBJ
C:\USERS\YOLARRYDABOMB\DESKTOP\IW4M1CLASSIC\STEAM_API\NORMAL\PATCHMW2BRANDING.OBJ
C:\USERS\YOLARRYDABOMB\DESKTOP\IW4M1CLASSIC\STEAM_API\NORMAL\PATCHMW2ASSETRESTRICT.OBJ
C:\USERS\YOLARRYDABOMB\DESKTOP\IW4M1CLASSIC\STEAM_API\NORMAL\MAIN.OBJ
C:\USERS\YOLARRYDABOMB\DESKTOP\IW4M1CLASSIC\STEAM_API\NORMAL\MW2.OBJ
C:\USERS\YOLARRYDABOMB\DESKTOP\IW4M1CLASSIC\STEAM_API\NORMAL\LOG.OBJ
C:\USERS\YOLARRYDABOMB\DESKTOP\IW4M1CLASSIC\STEAM_API\NORMAL\HOOKING.OBJ
C:\USERS\YOLARRYDABOMB\DESKTOP\IW4M1CLASSIC\STEAM_API\NORMAL\ADMINPLUGIN.OBJ
C:\USERS\YOLARRYDABOMB\DESKTOP\IW4M1CLASSIC\STEAM_API\NORMAL\UTILS.OBJ
C:\USERS\YOLARRYDABOMB\DESKTOP\IW4M1CLASSIC\STEAM_API\NORMAL\STEAMUTILS005.OBJ
C:\USERS\YOLARRYDABOMB\DESKTOP\IW4M1CLASSIC\STEAM_API\NORMAL\STEAMUSER012.OBJ
C:\USERS\YOLARRYDABOMB\DESKTOP\IW4M1CLASSIC\STEAM_API\NORMAL\STEAMREMOTESTORAGE002.OBJ
C:\USERS\YOLARRYDABOMB\DESKTOP\IW4M1CLASSIC\STEAM_API\NORMAL\STEAMNETWORKING003.OBJ
C:\USERS\YOLARRYDABOMB\DESKTOP\IW4M1CLASSIC\STEAM_API\NORMAL\STEAMMATCHMAKING007.OBJ
C:\USERS\YOLARRYDABOMB\DESKTOP\IW4M1CLASSIC\STEAM_API\NORMAL\STEAMMASTERSERVERUPDATER001.OBJ
C:\USERS\YOLARRYDABOMB\DESKTOP\IW4M1CLASSIC\STEAM_API\NORMAL\STEAMFRIENDS005.OBJ
C:\USERS\YOLARRYDABOMB\DESKTOP\IW4M1CLASSIC\STEAM_API\NORMAL\STEAMBASE.OBJ
C:\USERS\YOLARRYDABOMB\DESKTOP\IW4M1CLASSIC\STEAM_API\NORMAL\STEAMAPI.OBJ
C:\USERS\YOLARRYDABOMB\DESKTOP\IW4M1CLASSIC\STEAM_API\NORMAL\PLUGIN.OBJ
C:\USERS\YOLARRYDABOMB\DESKTOP\IW4M1CLASSIC\STEAM_API\NORMAL\PATCHMW2XPBAR.OBJ
C:\USERS\YOLARRYDABOMB\DESKTOP\IW4M1CLASSIC\STEAM_API\NORMAL\PATCHMW2UPDATENOTIFY.OBJ
C:\USERS\YOLARRYDABOMB\DESKTOP\IW4M1CLASSIC\STEAM_API\NORMAL\PATCHMW2STATUS.OBJ
C:\USERS\YOLARRYDABOMB\DESKTOP\IW4M1CLASSIC\STEAM_API\NORMAL\PATCHMW2REMOTECONSOLESV.OBJ
C:\USERS\YOLARRYDABOMB\DESKTOP\IW4M1CLASSIC\STEAM_API\NORMAL\PATCHMW2REMOTECONSOLECL.OBJ
C:\USERS\YOLARRYDABOMB\DESKTOP\IW4M1CLASSIC\STEAM_API\NORMAL\PATCHMW2REDIRECT.OBJ
C:\USERS\YOLARRYDABOMB\DESKTOP\IW4M1CLASSIC\STEAM_API\NORMAL\PATCHMW2PREFIX.OBJ
C:\USERS\YOLARRYDABOMB\DESKTOP\IW4M1CLASSIC\STEAM_API\NORMAL\PATCHMW2NOBORDER.OBJ
C:\USERS\YOLARRYDABOMB\DESKTOP\IW4M1CLASSIC\STEAM_API\NORMAL\HWBRK.OBJ
C:\USERS\YOLARRYDABOMB\DESKTOP\IW4M1CLASSIC\STEAM_API\NORMAL\HIDECODE.OBJ
C:\USERS\YOLARRYDABOMB\DESKTOP\IW4M1CLASSIC\STEAM_API\NORMAL\DISKINFO.OBJ
C:\USERS\YOLARRYDABOMB\DESKTOP\IW4M1CLASSIC\STEAM_API\NORMAL\PATCHMW2SUICIDEMESSAGES.OBJ
C:\USERS\YOLARRYDABOMB\DESKTOP\IW4M1CLASSIC\STEAM_API\NORMAL\PATCHMW2SCRIPTCOMPILEDEBUG.OBJ
C:\USERS\YOLARRYDABOMB\DESKTOP\IW4M1CLASSIC\STEAM_API\NORMAL\STEAM_API.PCH
C:\USERS\YOLARRYDABOMB\DESKTOP\IW4M1CLASSIC\STEAM_API\NORMAL\STDINC.OBJ
C:\USERS\YOLARRYDABOMB\DESKTOP\IW4M1CLASSIC\STEAM_API\NORMAL\VC110.PDB
C:\USERS\YOLARRYDABOMB\DESKTOP\IW4M1CLASSIC\NORMAL\IW4M.DLL
C:\USERS\YOLARRYDABOMB\DESKTOP\IW4M1CLASSIC\NORMAL\IW4M.MAP
C:\USERS\YOLARRYDABOMB\DESKTOP\IW4M1CLASSIC\NORMAL\STEAM_API.PDB
C:\Users\yolarrydabomb\Desktop\IW4M1Classic\Normal\steam_api.lib
C:\Users\yolarrydabomb\Desktop\IW4M1Classic\Normal\steam_api.exp
C:\Users\yolarrydabomb\Desktop\IW4M1Classic\steam_api\Normal\steam_api.vcxprojResolveAssemblyReference.cache
C:\Users\yolarrydabomb\Desktop\IW4M1Classic\steam_api\Normal\AdminPlugin.obj
C:\Users\yolarrydabomb\Desktop\IW4M1Classic\steam_api\Normal\diskinfo.obj
C:\Users\yolarrydabomb\Desktop\IW4M1Classic\steam_api\Normal\hidecode.obj
C:\Users\yolarrydabomb\Desktop\IW4M1Classic\steam_api\Normal\Hooking.obj
C:\Users\yolarrydabomb\Desktop\IW4M1Classic\steam_api\Normal\hwbrk.obj
C:\Users\yolarrydabomb\Desktop\IW4M1Classic\steam_api\Normal\Log.obj
C:\Users\yolarrydabomb\Desktop\IW4M1Classic\steam_api\Normal\Main.obj
C:\Users\yolarrydabomb\Desktop\IW4M1Classic\steam_api\Normal\MW2.obj
C:\Users\yolarrydabomb\Desktop\IW4M1Classic\steam_api\Normal\PatchMW2.obj
C:\Users\yolarrydabomb\Desktop\IW4M1Classic\steam_api\Normal\PatchMW2AssetRestrict.obj
C:\Users\yolarrydabomb\Desktop\IW4M1Classic\steam_api\Normal\PatchMW2Branding.obj
C:\Users\yolarrydabomb\Desktop\IW4M1Classic\steam_api\Normal\PatchMW2ClientCommands.obj
C:\Users\yolarrydabomb\Desktop\IW4M1Classic\steam_api\Normal\PatchMW2ClientConsole.obj
C:\Users\yolarrydabomb\Desktop\IW4M1Classic\steam_api\Normal\PatchMW2ClientDvar.obj
C:\Users\yolarrydabomb\Desktop\IW4M1Classic\steam_api\Normal\PatchMW2Console.obj
C:\Users\yolarrydabomb\Desktop\IW4M1Classic\steam_api\Normal\PatchMW2ConsoleTitle.obj
C:\Users\yolarrydabomb\Desktop\IW4M1Classic\steam_api\Normal\PatchMW2Dedicated.obj
C:\Users\yolarrydabomb\Desktop\IW4M1Classic\steam_api\Normal\PatchMW2DemoRecording.obj
C:\Users\yolarrydabomb\Desktop\IW4M1Classic\steam_api\Normal\PatchMW2Dvars.obj
C:\Users\yolarrydabomb\Desktop\IW4M1Classic\steam_api\Normal\PatchMW2IGMenu.obj
C:\Users\yolarrydabomb\Desktop\IW4M1Classic\steam_api\Normal\PatchMW2Load.obj
C:\Users\yolarrydabomb\Desktop\IW4M1Classic\steam_api\Normal\PatchMW2LogInitGame.obj
C:\Users\yolarrydabomb\Desktop\IW4M1Classic\steam_api\Normal\PatchMW2MatchData.obj
C:\Users\yolarrydabomb\Desktop\IW4M1Classic\steam_api\Normal\PatchMW2NoBorder.obj
C:\Users\yolarrydabomb\Desktop\IW4M1Classic\steam_api\Normal\PatchMW2Prefix.obj
C:\Users\yolarrydabomb\Desktop\IW4M1Classic\steam_api\Normal\PatchMW2Redirect.obj
C:\Users\yolarrydabomb\Desktop\IW4M1Classic\steam_api\Normal\PatchMW2RemoteConsoleCL.obj
C:\Users\yolarrydabomb\Desktop\IW4M1Classic\steam_api\Normal\PatchMW2RemoteConsoleSV.obj
C:\Users\yolarrydabomb\Desktop\IW4M1Classic\steam_api\Normal\PatchMW2ScriptCompileDebug.obj
C:\Users\yolarrydabomb\Desktop\IW4M1Classic\steam_api\Normal\PatchMW2Status.obj
C:\Users\yolarrydabomb\Desktop\IW4M1Classic\steam_api\Normal\PatchMW2SuicideMessages.obj
C:\Users\yolarrydabomb\Desktop\IW4M1Classic\steam_api\Normal\PatchMW2UpdateNotify.obj
C:\Users\yolarrydabomb\Desktop\IW4M1Classic\steam_api\Normal\PatchMW2XPBar.obj
C:\Users\yolarrydabomb\Desktop\IW4M1Classic\steam_api\Normal\Plugin.obj
C:\Users\yolarrydabomb\Desktop\IW4M1Classic\steam_api\Normal\StdInc.obj
C:\Users\yolarrydabomb\Desktop\IW4M1Classic\steam_api\Normal\SteamAPI.obj
C:\Users\yolarrydabomb\Desktop\IW4M1Classic\steam_api\Normal\SteamBase.obj
C:\Users\yolarrydabomb\Desktop\IW4M1Classic\steam_api\Normal\SteamFriends005.obj
C:\Users\yolarrydabomb\Desktop\IW4M1Classic\steam_api\Normal\SteamGameServer009.obj
C:\Users\yolarrydabomb\Desktop\IW4M1Classic\steam_api\Normal\SteamMasterServerUpdater001.obj
C:\Users\yolarrydabomb\Desktop\IW4M1Classic\steam_api\Normal\SteamMatchmaking007.obj
C:\Users\yolarrydabomb\Desktop\IW4M1Classic\steam_api\Normal\SteamNetworking003.obj
C:\Users\yolarrydabomb\Desktop\IW4M1Classic\steam_api\Normal\SteamRemoteStorage002.obj
C:\Users\yolarrydabomb\Desktop\IW4M1Classic\steam_api\Normal\SteamUser012.obj
C:\Users\yolarrydabomb\Desktop\IW4M1Classic\steam_api\Normal\SteamUtils005.obj
C:\Users\yolarrydabomb\Desktop\IW4M1Classic\steam_api\Normal\Utils.obj
C:\Users\yolarrydabomb\Desktop\IW4M1Classic\steam_api\Normal\cl.command.1.tlog
C:\Users\yolarrydabomb\Desktop\IW4M1Classic\steam_api\Normal\CL.read.1.tlog
C:\Users\yolarrydabomb\Desktop\IW4M1Classic\steam_api\Normal\CL.write.1.tlog
C:\Users\yolarrydabomb\Desktop\IW4M1Classic\steam_api\Normal\link-cvtres.read.1.tlog
C:\Users\yolarrydabomb\Desktop\IW4M1Classic\steam_api\Normal\link-cvtres.write.1.tlog
C:\Users\yolarrydabomb\Desktop\IW4M1Classic\steam_api\Normal\link-rc.read.1.tlog
C:\Users\yolarrydabomb\Desktop\IW4M1Classic\steam_api\Normal\link-rc.write.1.tlog
C:\Users\yolarrydabomb\Desktop\IW4M1Classic\steam_api\Normal\link.command.1.tlog
C:\Users\yolarrydabomb\Desktop\IW4M1Classic\steam_api\Normal\link.read.1.tlog
C:\Users\yolarrydabomb\Desktop\IW4M1Classic\steam_api\Normal\link.write.1.tlog
C:\Users\yolarrydabomb\Desktop\IW4M1Classic\steam_api\Normal\steam_api.write.1.tlog
C:\Users\yolarrydabomb\Desktop\IW4M1Classic\steam_api\Normal\steam_api.pch
C:\Users\yolarrydabomb\Desktop\IW4M1Classic\steam_api\Normal\vc110.pdb
C:\Users\yolarrydabomb\Desktop\IW4M1Classic\Normal\steam_api.pdb
